[2025-06-08 13:16:44] local.INFO: Fetching Jira tasks for project: SCRUM  
[2025-06-08 13:16:45] local.INFO: Successfully fetched Jira tasks {"tasks_count":5} 
[2025-06-08 13:16:45] local.INFO: Fetching assignable users for project: SCRUM  
[2025-06-08 13:16:46] local.INFO: Fetching Jira priorities  
[2025-06-08 13:16:46] local.INFO: Fetching Jira statuses  
[2025-06-08 13:16:46] local.INFO: Fetching Jira boards  
[2025-06-08 13:16:47] local.INFO: Fetching sprints for board: 1  
[2025-06-08 13:18:23] local.INFO: Fetching Jira tasks for project: SCRUM  
[2025-06-08 13:18:24] local.INFO: Successfully fetched Jira tasks {"tasks_count":5} 
[2025-06-08 13:18:24] local.INFO: Fetching assignable users for project: SCRUM  
[2025-06-08 13:18:24] local.INFO: Fetching Jira priorities  
[2025-06-08 13:18:24] local.INFO: Fetching Jira statuses  
[2025-06-08 13:18:25] local.INFO: Fetching Jira boards  
[2025-06-08 13:18:25] local.INFO: Fetching sprints for board: 1  
[2025-06-08 13:24:48] production.ERROR: No application encryption key has been specified. {"exception":"[object] (Illuminate\\Encryption\\MissingAppKeyException(code: 0): No application encryption key has been specified. at /Users/tejas/Desktop/Laravel_project/Jira/laravel-spa-vue3-auth-crud/jira-dashboard/vendor/laravel/framework/src/Illuminate/Encryption/EncryptionServiceProvider.php:101)
[stacktrace]
#0 /Users/tejas/Desktop/Laravel_project/Jira/laravel-spa-vue3-auth-crud/jira-dashboard/vendor/laravel/framework/src/Illuminate/Support/helpers.php(263): Illuminate\\Encryption\\EncryptionServiceProvider->Illuminate\\Encryption\\{closure}(NULL)
#1 /Users/tejas/Desktop/Laravel_project/Jira/laravel-spa-vue3-auth-crud/jira-dashboard/vendor/laravel/framework/src/Illuminate/Encryption/EncryptionServiceProvider.php(99): tap(NULL, Object(Closure))
#2 /Users/tejas/Desktop/Laravel_project/Jira/laravel-spa-vue3-auth-crud/jira-dashboard/vendor/laravel/framework/src/Illuminate/Encryption/EncryptionServiceProvider.php(82): Illuminate\\Encryption\\EncryptionServiceProvider->key(Array)
#3 /Users/tejas/Desktop/Laravel_project/Jira/laravel-spa-vue3-auth-crud/jira-dashboard/vendor/laravel/framework/src/Illuminate/Encryption/EncryptionServiceProvider.php(34): Illuminate\\Encryption\\EncryptionServiceProvider->parseKey(Array)
#4 /Users/tejas/Desktop/Laravel_project/Jira/laravel-spa-vue3-auth-crud/jira-dashboard/vendor/laravel/framework/src/Illuminate/Container/Container.php(873): Illuminate\\Encryption\\EncryptionServiceProvider->Illuminate\\Encryption\\{closure}(Object(Illuminate\\Foundation\\Application), Array)
#5 /Users/tejas/Desktop/Laravel_project/Jira/laravel-spa-vue3-auth-crud/jira-dashboard/vendor/laravel/framework/src/Illuminate/Container/Container.php(758): Illuminate\\Container\\Container->build(Object(Closure))
#6 /Users/tejas/Desktop/Laravel_project/Jira/laravel-spa-vue3-auth-crud/jira-dashboard/vendor/laravel/framework/src/Illuminate/Foundation/Application.php(853): Illuminate\\Container\\Container->resolve('encrypter', Array, true)
#7 /Users/tejas/Desktop/Laravel_project/Jira/laravel-spa-vue3-auth-crud/jira-dashboard/vendor/laravel/framework/src/Illuminate/Container/Container.php(694): Illuminate\\Foundation\\Application->resolve('encrypter', Array)
#8 /Users/tejas/Desktop/Laravel_project/Jira/laravel-spa-vue3-auth-crud/jira-dashboard/vendor/laravel/framework/src/Illuminate/Foundation/Application.php(838): Illuminate\\Container\\Container->make('encrypter', Array)
#9 /Users/tejas/Desktop/Laravel_project/Jira/laravel-spa-vue3-auth-crud/jira-dashboard/vendor/laravel/framework/src/Illuminate/Container/Container.php(1027): Illuminate\\Foundation\\Application->make('encrypter')
#10 /Users/tejas/Desktop/Laravel_project/Jira/laravel-spa-vue3-auth-crud/jira-dashboard/vendor/laravel/framework/src/Illuminate/Container/Container.php(947): Illuminate\\Container\\Container->resolveClass(Object(ReflectionParameter))
#11 /Users/tejas/Desktop/Laravel_project/Jira/laravel-spa-vue3-auth-crud/jira-dashboard/vendor/laravel/framework/src/Illuminate/Container/Container.php(908): Illuminate\\Container\\Container->resolveDependencies(Array)
#12 /Users/tejas/Desktop/Laravel_project/Jira/laravel-spa-vue3-auth-crud/jira-dashboard/vendor/laravel/framework/src/Illuminate/Container/Container.php(758): Illuminate\\Container\\Container->build('App\\\\Http\\\\Middle...')
#13 /Users/tejas/Desktop/Laravel_project/Jira/laravel-spa-vue3-auth-crud/jira-dashboard/vendor/laravel/framework/src/Illuminate/Foundation/Application.php(853): Illuminate\\Container\\Container->resolve('App\\\\Http\\\\Middle...', Array, true)
#14 /Users/tejas/Desktop/Laravel_project/Jira/laravel-spa-vue3-auth-crud/jira-dashboard/vendor/laravel/framework/src/Illuminate/Container/Container.php(694): Illuminate\\Foundation\\Application->resolve('App\\\\Http\\\\Middle...', Array)
#15 /Users/tejas/Desktop/Laravel_project/Jira/laravel-spa-vue3-auth-crud/jira-dashboard/vendor/laravel/framework/src/Illuminate/Foundation/Application.php(838): Illuminate\\Container\\Container->make('App\\\\Http\\\\Middle...', Array)
#16 /Users/tejas/Desktop/Laravel_project/Jira/laravel-spa-vue3-auth-crud/jira-dashboard/vendor/laravel/framework/src/Illuminate/Pipeline/Pipeline.php(156): Illuminate\\Foundation\\Application->make('App\\\\Http\\\\Middle...')
#17 /Users/tejas/Desktop/Laravel_project/Jira/laravel-spa-vue3-auth-crud/jira-dashboard/vendor/laravel/framework/src/Illuminate/Pipeline/Pipeline.php(103): Illuminate\\Pipeline\\Pipeline->Illuminate\\Pipeline\\{closure}(Object(Illuminate\\Http\\Request))
#18 /Users/tejas/Desktop/Laravel_project/Jira/laravel-spa-vue3-auth-crud/jira-dashboard/vendor/laravel/framework/src/Illuminate/Routing/Router.php(719): Illuminate\\Pipeline\\Pipeline->then(Object(Closure))
#19 /Users/tejas/Desktop/Laravel_project/Jira/laravel-spa-vue3-auth-crud/jira-dashboard/vendor/laravel/framework/src/Illuminate/Routing/Router.php(698): Illuminate\\Routing\\Router->runRouteWithinStack(Object(Illuminate\\Routing\\Route), Object(Illuminate\\Http\\Request))
#20 /Users/tejas/Desktop/Laravel_project/Jira/laravel-spa-vue3-auth-crud/jira-dashboard/vendor/laravel/framework/src/Illuminate/Routing/Router.php(662): Illuminate\\Routing\\Router->runRoute(Object(Illuminate\\Http\\Request), Object(Illuminate\\Routing\\Route))
#21 /Users/tejas/Desktop/Laravel_project/Jira/laravel-spa-vue3-auth-crud/jira-dashboard/vendor/laravel/framework/src/Illuminate/Routing/Router.php(651): Illuminate\\Routing\\Router->dispatchToRoute(Object(Illuminate\\Http\\Request))
#22 /Users/tejas/Desktop/Laravel_project/Jira/laravel-spa-vue3-auth-crud/jira-dashboard/vendor/laravel/framework/src/Illuminate/Foundation/Http/Kernel.php(167): Illuminate\\Routing\\Router->dispatch(Object(Illuminate\\Http\\Request))
#23 /Users/tejas/Desktop/Laravel_project/Jira/laravel-spa-vue3-auth-crud/jira-dashboard/vendor/laravel/framework/src/Illuminate/Pipeline/Pipeline.php(128): Illuminate\\Foundation\\Http\\Kernel->Illuminate\\Foundation\\Http\\{closure}(Object(Illuminate\\Http\\Request))
#24 /Users/tejas/Desktop/Laravel_project/Jira/laravel-spa-vue3-auth-crud/jira-dashboard/vendor/barryvdh/laravel-debugbar/src/Middleware/InjectDebugbar.php(59): Illuminate\\Pipeline\\Pipeline->Illuminate\\Pipeline\\{closure}(Object(Illuminate\\Http\\Request))
#25 /Users/tejas/Desktop/Laravel_project/Jira/laravel-spa-vue3-auth-crud/jira-dashboard/vendor/laravel/framework/src/Illuminate/Pipeline/Pipeline.php(167): Barryvdh\\Debugbar\\Middleware\\InjectDebugbar->handle(Object(Illuminate\\Http\\Request), Object(Closure))
#26 /Users/tejas/Desktop/Laravel_project/Jira/laravel-spa-vue3-auth-crud/jira-dashboard/vendor/laravel/framework/src/Illuminate/Foundation/Http/Middleware/TransformsRequest.php(21): Illuminate\\Pipeline\\Pipeline->Illuminate\\Pipeline\\{closure}(Object(Illuminate\\Http\\Request))
#27 /Users/tejas/Desktop/Laravel_project/Jira/laravel-spa-vue3-auth-crud/jira-dashboard/vendor/laravel/framework/src/Illuminate/Foundation/Http/Middleware/ConvertEmptyStringsToNull.php(31): Illuminate\\Foundation\\Http\\Middleware\\TransformsRequest->handle(Object(Illuminate\\Http\\Request), Object(Closure))
#28 /Users/tejas/Desktop/Laravel_project/Jira/laravel-spa-vue3-auth-crud/jira-dashboard/vendor/laravel/framework/src/Illuminate/Pipeline/Pipeline.php(167): Illuminate\\Foundation\\Http\\Middleware\\ConvertEmptyStringsToNull->handle(Object(Illuminate\\Http\\Request), Object(Closure))
#29 /Users/tejas/Desktop/Laravel_project/Jira/laravel-spa-vue3-auth-crud/jira-dashboard/vendor/laravel/framework/src/Illuminate/Foundation/Http/Middleware/TransformsRequest.php(21): Illuminate\\Pipeline\\Pipeline->Illuminate\\Pipeline\\{closure}(Object(Illuminate\\Http\\Request))
#30 /Users/tejas/Desktop/Laravel_project/Jira/laravel-spa-vue3-auth-crud/jira-dashboard/vendor/laravel/framework/src/Illuminate/Foundation/Http/Middleware/TrimStrings.php(40): Illuminate\\Foundation\\Http\\Middleware\\TransformsRequest->handle(Object(Illuminate\\Http\\Request), Object(Closure))
#31 /Users/tejas/Desktop/Laravel_project/Jira/laravel-spa-vue3-auth-crud/jira-dashboard/vendor/laravel/framework/src/Illuminate/Pipeline/Pipeline.php(167): Illuminate\\Foundation\\Http\\Middleware\\TrimStrings->handle(Object(Illuminate\\Http\\Request), Object(Closure))
#32 /Users/tejas/Desktop/Laravel_project/Jira/laravel-spa-vue3-auth-crud/jira-dashboard/vendor/laravel/framework/src/Illuminate/Foundation/Http/Middleware/ValidatePostSize.php(27): Illuminate\\Pipeline\\Pipeline->Illuminate\\Pipeline\\{closure}(Object(Illuminate\\Http\\Request))
#33 /Users/tejas/Desktop/Laravel_project/Jira/laravel-spa-vue3-auth-crud/jira-dashboard/vendor/laravel/framework/src/Illuminate/Pipeline/Pipeline.php(167): Illuminate\\Foundation\\Http\\Middleware\\ValidatePostSize->handle(Object(Illuminate\\Http\\Request), Object(Closure))
#34 /Users/tejas/Desktop/Laravel_project/Jira/laravel-spa-vue3-auth-crud/jira-dashboard/vendor/laravel/framework/src/Illuminate/Foundation/Http/Middleware/PreventRequestsDuringMaintenance.php(86): Illuminate\\Pipeline\\Pipeline->Illuminate\\Pipeline\\{closure}(Object(Illuminate\\Http\\Request))
#35 /Users/tejas/Desktop/Laravel_project/Jira/laravel-spa-vue3-auth-crud/jira-dashboard/vendor/laravel/framework/src/Illuminate/Pipeline/Pipeline.php(167): Illuminate\\Foundation\\Http\\Middleware\\PreventRequestsDuringMaintenance->handle(Object(Illuminate\\Http\\Request), Object(Closure))
#36 /Users/tejas/Desktop/Laravel_project/Jira/laravel-spa-vue3-auth-crud/jira-dashboard/vendor/fruitcake/laravel-cors/src/HandleCors.php(38): Illuminate\\Pipeline\\Pipeline->Illuminate\\Pipeline\\{closure}(Object(Illuminate\\Http\\Request))
#37 /Users/tejas/Desktop/Laravel_project/Jira/laravel-spa-vue3-auth-crud/jira-dashboard/vendor/laravel/framework/src/Illuminate/Pipeline/Pipeline.php(167): Fruitcake\\Cors\\HandleCors->handle(Object(Illuminate\\Http\\Request), Object(Closure))
#38 /Users/tejas/Desktop/Laravel_project/Jira/laravel-spa-vue3-auth-crud/jira-dashboard/vendor/fideloper/proxy/src/TrustProxies.php(57): Illuminate\\Pipeline\\Pipeline->Illuminate\\Pipeline\\{closure}(Object(Illuminate\\Http\\Request))
#39 /Users/tejas/Desktop/Laravel_project/Jira/laravel-spa-vue3-auth-crud/jira-dashboard/vendor/laravel/framework/src/Illuminate/Pipeline/Pipeline.php(167): Fideloper\\Proxy\\TrustProxies->handle(Object(Illuminate\\Http\\Request), Object(Closure))
#40 /Users/tejas/Desktop/Laravel_project/Jira/laravel-spa-vue3-auth-crud/jira-dashboard/vendor/laravel/framework/src/Illuminate/Pipeline/Pipeline.php(103): Illuminate\\Pipeline\\Pipeline->Illuminate\\Pipeline\\{closure}(Object(Illuminate\\Http\\Request))
#41 /Users/tejas/Desktop/Laravel_project/Jira/laravel-spa-vue3-auth-crud/jira-dashboard/vendor/laravel/framework/src/Illuminate/Foundation/Http/Kernel.php(142): Illuminate\\Pipeline\\Pipeline->then(Object(Closure))
#42 /Users/tejas/Desktop/Laravel_project/Jira/laravel-spa-vue3-auth-crud/jira-dashboard/vendor/laravel/framework/src/Illuminate/Foundation/Http/Kernel.php(111): Illuminate\\Foundation\\Http\\Kernel->sendRequestThroughRouter(Object(Illuminate\\Http\\Request))
#43 /Users/tejas/Desktop/Laravel_project/Jira/laravel-spa-vue3-auth-crud/jira-dashboard/public/index.php(51): Illuminate\\Foundation\\Http\\Kernel->handle(Object(Illuminate\\Http\\Request))
#44 /Users/tejas/Desktop/Laravel_project/Jira/laravel-spa-vue3-auth-crud/jira-dashboard/server.php(21): require_once('/Users/tejas/De...')
#45 {main}
"} 
[2025-06-08 13:24:48] production.ERROR: No application encryption key has been specified. {"exception":"[object] (Illuminate\\Encryption\\MissingAppKeyException(code: 0): No application encryption key has been specified. at /Users/tejas/Desktop/Laravel_project/Jira/laravel-spa-vue3-auth-crud/jira-dashboard/vendor/laravel/framework/src/Illuminate/Encryption/EncryptionServiceProvider.php:101)
[stacktrace]
#0 /Users/tejas/Desktop/Laravel_project/Jira/laravel-spa-vue3-auth-crud/jira-dashboard/vendor/laravel/framework/src/Illuminate/Support/helpers.php(263): Illuminate\\Encryption\\EncryptionServiceProvider->Illuminate\\Encryption\\{closure}(NULL)
#1 /Users/tejas/Desktop/Laravel_project/Jira/laravel-spa-vue3-auth-crud/jira-dashboard/vendor/laravel/framework/src/Illuminate/Encryption/EncryptionServiceProvider.php(99): tap(NULL, Object(Closure))
#2 /Users/tejas/Desktop/Laravel_project/Jira/laravel-spa-vue3-auth-crud/jira-dashboard/vendor/laravel/framework/src/Illuminate/Encryption/EncryptionServiceProvider.php(82): Illuminate\\Encryption\\EncryptionServiceProvider->key(Array)
#3 /Users/tejas/Desktop/Laravel_project/Jira/laravel-spa-vue3-auth-crud/jira-dashboard/vendor/laravel/framework/src/Illuminate/Encryption/EncryptionServiceProvider.php(34): Illuminate\\Encryption\\EncryptionServiceProvider->parseKey(Array)
#4 /Users/tejas/Desktop/Laravel_project/Jira/laravel-spa-vue3-auth-crud/jira-dashboard/vendor/laravel/framework/src/Illuminate/Container/Container.php(873): Illuminate\\Encryption\\EncryptionServiceProvider->Illuminate\\Encryption\\{closure}(Object(Illuminate\\Foundation\\Application), Array)
#5 /Users/tejas/Desktop/Laravel_project/Jira/laravel-spa-vue3-auth-crud/jira-dashboard/vendor/laravel/framework/src/Illuminate/Container/Container.php(758): Illuminate\\Container\\Container->build(Object(Closure))
#6 /Users/tejas/Desktop/Laravel_project/Jira/laravel-spa-vue3-auth-crud/jira-dashboard/vendor/laravel/framework/src/Illuminate/Foundation/Application.php(853): Illuminate\\Container\\Container->resolve('encrypter', Array, true)
#7 /Users/tejas/Desktop/Laravel_project/Jira/laravel-spa-vue3-auth-crud/jira-dashboard/vendor/laravel/framework/src/Illuminate/Container/Container.php(694): Illuminate\\Foundation\\Application->resolve('encrypter', Array)
#8 /Users/tejas/Desktop/Laravel_project/Jira/laravel-spa-vue3-auth-crud/jira-dashboard/vendor/laravel/framework/src/Illuminate/Foundation/Application.php(838): Illuminate\\Container\\Container->make('encrypter', Array)
#9 /Users/tejas/Desktop/Laravel_project/Jira/laravel-spa-vue3-auth-crud/jira-dashboard/vendor/laravel/framework/src/Illuminate/Container/Container.php(1027): Illuminate\\Foundation\\Application->make('encrypter')
#10 /Users/tejas/Desktop/Laravel_project/Jira/laravel-spa-vue3-auth-crud/jira-dashboard/vendor/laravel/framework/src/Illuminate/Container/Container.php(947): Illuminate\\Container\\Container->resolveClass(Object(ReflectionParameter))
#11 /Users/tejas/Desktop/Laravel_project/Jira/laravel-spa-vue3-auth-crud/jira-dashboard/vendor/laravel/framework/src/Illuminate/Container/Container.php(908): Illuminate\\Container\\Container->resolveDependencies(Array)
#12 /Users/tejas/Desktop/Laravel_project/Jira/laravel-spa-vue3-auth-crud/jira-dashboard/vendor/laravel/framework/src/Illuminate/Container/Container.php(758): Illuminate\\Container\\Container->build('App\\\\Http\\\\Middle...')
#13 /Users/tejas/Desktop/Laravel_project/Jira/laravel-spa-vue3-auth-crud/jira-dashboard/vendor/laravel/framework/src/Illuminate/Foundation/Application.php(853): Illuminate\\Container\\Container->resolve('App\\\\Http\\\\Middle...', Array, true)
#14 /Users/tejas/Desktop/Laravel_project/Jira/laravel-spa-vue3-auth-crud/jira-dashboard/vendor/laravel/framework/src/Illuminate/Container/Container.php(694): Illuminate\\Foundation\\Application->resolve('App\\\\Http\\\\Middle...', Array)
#15 /Users/tejas/Desktop/Laravel_project/Jira/laravel-spa-vue3-auth-crud/jira-dashboard/vendor/laravel/framework/src/Illuminate/Foundation/Application.php(838): Illuminate\\Container\\Container->make('App\\\\Http\\\\Middle...', Array)
#16 /Users/tejas/Desktop/Laravel_project/Jira/laravel-spa-vue3-auth-crud/jira-dashboard/vendor/laravel/framework/src/Illuminate/Foundation/Http/Kernel.php(206): Illuminate\\Foundation\\Application->make('App\\\\Http\\\\Middle...')
#17 /Users/tejas/Desktop/Laravel_project/Jira/laravel-spa-vue3-auth-crud/jira-dashboard/vendor/laravel/framework/src/Illuminate/Foundation/Http/Kernel.php(180): Illuminate\\Foundation\\Http\\Kernel->terminateMiddleware(Object(Illuminate\\Http\\Request), Object(Illuminate\\Http\\Response))
#18 /Users/tejas/Desktop/Laravel_project/Jira/laravel-spa-vue3-auth-crud/jira-dashboard/public/index.php(55): Illuminate\\Foundation\\Http\\Kernel->terminate(Object(Illuminate\\Http\\Request), Object(Illuminate\\Http\\Response))
#19 /Users/tejas/Desktop/Laravel_project/Jira/laravel-spa-vue3-auth-crud/jira-dashboard/server.php(21): require_once('/Users/tejas/De...')
#20 {main}
"} 
[2025-06-08 13:25:02] production.ERROR: No application encryption key has been specified. {"exception":"[object] (Illuminate\\Encryption\\MissingAppKeyException(code: 0): No application encryption key has been specified. at /Users/tejas/Desktop/Laravel_project/Jira/laravel-spa-vue3-auth-crud/jira-dashboard/vendor/laravel/framework/src/Illuminate/Encryption/EncryptionServiceProvider.php:101)
[stacktrace]
#0 /Users/tejas/Desktop/Laravel_project/Jira/laravel-spa-vue3-auth-crud/jira-dashboard/vendor/laravel/framework/src/Illuminate/Support/helpers.php(263): Illuminate\\Encryption\\EncryptionServiceProvider->Illuminate\\Encryption\\{closure}(NULL)
#1 /Users/tejas/Desktop/Laravel_project/Jira/laravel-spa-vue3-auth-crud/jira-dashboard/vendor/laravel/framework/src/Illuminate/Encryption/EncryptionServiceProvider.php(99): tap(NULL, Object(Closure))
#2 /Users/tejas/Desktop/Laravel_project/Jira/laravel-spa-vue3-auth-crud/jira-dashboard/vendor/laravel/framework/src/Illuminate/Encryption/EncryptionServiceProvider.php(82): Illuminate\\Encryption\\EncryptionServiceProvider->key(Array)
#3 /Users/tejas/Desktop/Laravel_project/Jira/laravel-spa-vue3-auth-crud/jira-dashboard/vendor/laravel/framework/src/Illuminate/Encryption/EncryptionServiceProvider.php(34): Illuminate\\Encryption\\EncryptionServiceProvider->parseKey(Array)
#4 /Users/tejas/Desktop/Laravel_project/Jira/laravel-spa-vue3-auth-crud/jira-dashboard/vendor/laravel/framework/src/Illuminate/Container/Container.php(873): Illuminate\\Encryption\\EncryptionServiceProvider->Illuminate\\Encryption\\{closure}(Object(Illuminate\\Foundation\\Application), Array)
#5 /Users/tejas/Desktop/Laravel_project/Jira/laravel-spa-vue3-auth-crud/jira-dashboard/vendor/laravel/framework/src/Illuminate/Container/Container.php(758): Illuminate\\Container\\Container->build(Object(Closure))
#6 /Users/tejas/Desktop/Laravel_project/Jira/laravel-spa-vue3-auth-crud/jira-dashboard/vendor/laravel/framework/src/Illuminate/Foundation/Application.php(853): Illuminate\\Container\\Container->resolve('encrypter', Array, true)
#7 /Users/tejas/Desktop/Laravel_project/Jira/laravel-spa-vue3-auth-crud/jira-dashboard/vendor/laravel/framework/src/Illuminate/Container/Container.php(694): Illuminate\\Foundation\\Application->resolve('encrypter', Array)
#8 /Users/tejas/Desktop/Laravel_project/Jira/laravel-spa-vue3-auth-crud/jira-dashboard/vendor/laravel/framework/src/Illuminate/Foundation/Application.php(838): Illuminate\\Container\\Container->make('encrypter', Array)
#9 /Users/tejas/Desktop/Laravel_project/Jira/laravel-spa-vue3-auth-crud/jira-dashboard/vendor/laravel/framework/src/Illuminate/Container/Container.php(1027): Illuminate\\Foundation\\Application->make('encrypter')
#10 /Users/tejas/Desktop/Laravel_project/Jira/laravel-spa-vue3-auth-crud/jira-dashboard/vendor/laravel/framework/src/Illuminate/Container/Container.php(947): Illuminate\\Container\\Container->resolveClass(Object(ReflectionParameter))
#11 /Users/tejas/Desktop/Laravel_project/Jira/laravel-spa-vue3-auth-crud/jira-dashboard/vendor/laravel/framework/src/Illuminate/Container/Container.php(908): Illuminate\\Container\\Container->resolveDependencies(Array)
#12 /Users/tejas/Desktop/Laravel_project/Jira/laravel-spa-vue3-auth-crud/jira-dashboard/vendor/laravel/framework/src/Illuminate/Container/Container.php(758): Illuminate\\Container\\Container->build('App\\\\Http\\\\Middle...')
#13 /Users/tejas/Desktop/Laravel_project/Jira/laravel-spa-vue3-auth-crud/jira-dashboard/vendor/laravel/framework/src/Illuminate/Foundation/Application.php(853): Illuminate\\Container\\Container->resolve('App\\\\Http\\\\Middle...', Array, true)
#14 /Users/tejas/Desktop/Laravel_project/Jira/laravel-spa-vue3-auth-crud/jira-dashboard/vendor/laravel/framework/src/Illuminate/Container/Container.php(694): Illuminate\\Foundation\\Application->resolve('App\\\\Http\\\\Middle...', Array)
#15 /Users/tejas/Desktop/Laravel_project/Jira/laravel-spa-vue3-auth-crud/jira-dashboard/vendor/laravel/framework/src/Illuminate/Foundation/Application.php(838): Illuminate\\Container\\Container->make('App\\\\Http\\\\Middle...', Array)
#16 /Users/tejas/Desktop/Laravel_project/Jira/laravel-spa-vue3-auth-crud/jira-dashboard/vendor/laravel/framework/src/Illuminate/Pipeline/Pipeline.php(156): Illuminate\\Foundation\\Application->make('App\\\\Http\\\\Middle...')
#17 /Users/tejas/Desktop/Laravel_project/Jira/laravel-spa-vue3-auth-crud/jira-dashboard/vendor/laravel/framework/src/Illuminate/Pipeline/Pipeline.php(103): Illuminate\\Pipeline\\Pipeline->Illuminate\\Pipeline\\{closure}(Object(Illuminate\\Http\\Request))
#18 /Users/tejas/Desktop/Laravel_project/Jira/laravel-spa-vue3-auth-crud/jira-dashboard/vendor/laravel/framework/src/Illuminate/Routing/Router.php(719): Illuminate\\Pipeline\\Pipeline->then(Object(Closure))
#19 /Users/tejas/Desktop/Laravel_project/Jira/laravel-spa-vue3-auth-crud/jira-dashboard/vendor/laravel/framework/src/Illuminate/Routing/Router.php(698): Illuminate\\Routing\\Router->runRouteWithinStack(Object(Illuminate\\Routing\\Route), Object(Illuminate\\Http\\Request))
#20 /Users/tejas/Desktop/Laravel_project/Jira/laravel-spa-vue3-auth-crud/jira-dashboard/vendor/laravel/framework/src/Illuminate/Routing/Router.php(662): Illuminate\\Routing\\Router->runRoute(Object(Illuminate\\Http\\Request), Object(Illuminate\\Routing\\Route))
#21 /Users/tejas/Desktop/Laravel_project/Jira/laravel-spa-vue3-auth-crud/jira-dashboard/vendor/laravel/framework/src/Illuminate/Routing/Router.php(651): Illuminate\\Routing\\Router->dispatchToRoute(Object(Illuminate\\Http\\Request))
#22 /Users/tejas/Desktop/Laravel_project/Jira/laravel-spa-vue3-auth-crud/jira-dashboard/vendor/laravel/framework/src/Illuminate/Foundation/Http/Kernel.php(167): Illuminate\\Routing\\Router->dispatch(Object(Illuminate\\Http\\Request))
#23 /Users/tejas/Desktop/Laravel_project/Jira/laravel-spa-vue3-auth-crud/jira-dashboard/vendor/laravel/framework/src/Illuminate/Pipeline/Pipeline.php(128): Illuminate\\Foundation\\Http\\Kernel->Illuminate\\Foundation\\Http\\{closure}(Object(Illuminate\\Http\\Request))
#24 /Users/tejas/Desktop/Laravel_project/Jira/laravel-spa-vue3-auth-crud/jira-dashboard/vendor/barryvdh/laravel-debugbar/src/Middleware/InjectDebugbar.php(59): Illuminate\\Pipeline\\Pipeline->Illuminate\\Pipeline\\{closure}(Object(Illuminate\\Http\\Request))
#25 /Users/tejas/Desktop/Laravel_project/Jira/laravel-spa-vue3-auth-crud/jira-dashboard/vendor/laravel/framework/src/Illuminate/Pipeline/Pipeline.php(167): Barryvdh\\Debugbar\\Middleware\\InjectDebugbar->handle(Object(Illuminate\\Http\\Request), Object(Closure))
#26 /Users/tejas/Desktop/Laravel_project/Jira/laravel-spa-vue3-auth-crud/jira-dashboard/vendor/laravel/framework/src/Illuminate/Foundation/Http/Middleware/TransformsRequest.php(21): Illuminate\\Pipeline\\Pipeline->Illuminate\\Pipeline\\{closure}(Object(Illuminate\\Http\\Request))
#27 /Users/tejas/Desktop/Laravel_project/Jira/laravel-spa-vue3-auth-crud/jira-dashboard/vendor/laravel/framework/src/Illuminate/Foundation/Http/Middleware/ConvertEmptyStringsToNull.php(31): Illuminate\\Foundation\\Http\\Middleware\\TransformsRequest->handle(Object(Illuminate\\Http\\Request), Object(Closure))
#28 /Users/tejas/Desktop/Laravel_project/Jira/laravel-spa-vue3-auth-crud/jira-dashboard/vendor/laravel/framework/src/Illuminate/Pipeline/Pipeline.php(167): Illuminate\\Foundation\\Http\\Middleware\\ConvertEmptyStringsToNull->handle(Object(Illuminate\\Http\\Request), Object(Closure))
#29 /Users/tejas/Desktop/Laravel_project/Jira/laravel-spa-vue3-auth-crud/jira-dashboard/vendor/laravel/framework/src/Illuminate/Foundation/Http/Middleware/TransformsRequest.php(21): Illuminate\\Pipeline\\Pipeline->Illuminate\\Pipeline\\{closure}(Object(Illuminate\\Http\\Request))
#30 /Users/tejas/Desktop/Laravel_project/Jira/laravel-spa-vue3-auth-crud/jira-dashboard/vendor/laravel/framework/src/Illuminate/Foundation/Http/Middleware/TrimStrings.php(40): Illuminate\\Foundation\\Http\\Middleware\\TransformsRequest->handle(Object(Illuminate\\Http\\Request), Object(Closure))
#31 /Users/tejas/Desktop/Laravel_project/Jira/laravel-spa-vue3-auth-crud/jira-dashboard/vendor/laravel/framework/src/Illuminate/Pipeline/Pipeline.php(167): Illuminate\\Foundation\\Http\\Middleware\\TrimStrings->handle(Object(Illuminate\\Http\\Request), Object(Closure))
#32 /Users/tejas/Desktop/Laravel_project/Jira/laravel-spa-vue3-auth-crud/jira-dashboard/vendor/laravel/framework/src/Illuminate/Foundation/Http/Middleware/ValidatePostSize.php(27): Illuminate\\Pipeline\\Pipeline->Illuminate\\Pipeline\\{closure}(Object(Illuminate\\Http\\Request))
#33 /Users/tejas/Desktop/Laravel_project/Jira/laravel-spa-vue3-auth-crud/jira-dashboard/vendor/laravel/framework/src/Illuminate/Pipeline/Pipeline.php(167): Illuminate\\Foundation\\Http\\Middleware\\ValidatePostSize->handle(Object(Illuminate\\Http\\Request), Object(Closure))
#34 /Users/tejas/Desktop/Laravel_project/Jira/laravel-spa-vue3-auth-crud/jira-dashboard/vendor/laravel/framework/src/Illuminate/Foundation/Http/Middleware/PreventRequestsDuringMaintenance.php(86): Illuminate\\Pipeline\\Pipeline->Illuminate\\Pipeline\\{closure}(Object(Illuminate\\Http\\Request))
#35 /Users/tejas/Desktop/Laravel_project/Jira/laravel-spa-vue3-auth-crud/jira-dashboard/vendor/laravel/framework/src/Illuminate/Pipeline/Pipeline.php(167): Illuminate\\Foundation\\Http\\Middleware\\PreventRequestsDuringMaintenance->handle(Object(Illuminate\\Http\\Request), Object(Closure))
#36 /Users/tejas/Desktop/Laravel_project/Jira/laravel-spa-vue3-auth-crud/jira-dashboard/vendor/fruitcake/laravel-cors/src/HandleCors.php(38): Illuminate\\Pipeline\\Pipeline->Illuminate\\Pipeline\\{closure}(Object(Illuminate\\Http\\Request))
#37 /Users/tejas/Desktop/Laravel_project/Jira/laravel-spa-vue3-auth-crud/jira-dashboard/vendor/laravel/framework/src/Illuminate/Pipeline/Pipeline.php(167): Fruitcake\\Cors\\HandleCors->handle(Object(Illuminate\\Http\\Request), Object(Closure))
#38 /Users/tejas/Desktop/Laravel_project/Jira/laravel-spa-vue3-auth-crud/jira-dashboard/vendor/fideloper/proxy/src/TrustProxies.php(57): Illuminate\\Pipeline\\Pipeline->Illuminate\\Pipeline\\{closure}(Object(Illuminate\\Http\\Request))
#39 /Users/tejas/Desktop/Laravel_project/Jira/laravel-spa-vue3-auth-crud/jira-dashboard/vendor/laravel/framework/src/Illuminate/Pipeline/Pipeline.php(167): Fideloper\\Proxy\\TrustProxies->handle(Object(Illuminate\\Http\\Request), Object(Closure))
#40 /Users/tejas/Desktop/Laravel_project/Jira/laravel-spa-vue3-auth-crud/jira-dashboard/vendor/laravel/framework/src/Illuminate/Pipeline/Pipeline.php(103): Illuminate\\Pipeline\\Pipeline->Illuminate\\Pipeline\\{closure}(Object(Illuminate\\Http\\Request))
#41 /Users/tejas/Desktop/Laravel_project/Jira/laravel-spa-vue3-auth-crud/jira-dashboard/vendor/laravel/framework/src/Illuminate/Foundation/Http/Kernel.php(142): Illuminate\\Pipeline\\Pipeline->then(Object(Closure))
#42 /Users/tejas/Desktop/Laravel_project/Jira/laravel-spa-vue3-auth-crud/jira-dashboard/vendor/laravel/framework/src/Illuminate/Foundation/Http/Kernel.php(111): Illuminate\\Foundation\\Http\\Kernel->sendRequestThroughRouter(Object(Illuminate\\Http\\Request))
#43 /Users/tejas/Desktop/Laravel_project/Jira/laravel-spa-vue3-auth-crud/jira-dashboard/public/index.php(51): Illuminate\\Foundation\\Http\\Kernel->handle(Object(Illuminate\\Http\\Request))
#44 /Users/tejas/Desktop/Laravel_project/Jira/laravel-spa-vue3-auth-crud/jira-dashboard/server.php(21): require_once('/Users/tejas/De...')
#45 {main}
"} 
[2025-06-08 13:25:02] production.ERROR: No application encryption key has been specified. {"exception":"[object] (Illuminate\\Encryption\\MissingAppKeyException(code: 0): No application encryption key has been specified. at /Users/tejas/Desktop/Laravel_project/Jira/laravel-spa-vue3-auth-crud/jira-dashboard/vendor/laravel/framework/src/Illuminate/Encryption/EncryptionServiceProvider.php:101)
[stacktrace]
#0 /Users/tejas/Desktop/Laravel_project/Jira/laravel-spa-vue3-auth-crud/jira-dashboard/vendor/laravel/framework/src/Illuminate/Support/helpers.php(263): Illuminate\\Encryption\\EncryptionServiceProvider->Illuminate\\Encryption\\{closure}(NULL)
#1 /Users/tejas/Desktop/Laravel_project/Jira/laravel-spa-vue3-auth-crud/jira-dashboard/vendor/laravel/framework/src/Illuminate/Encryption/EncryptionServiceProvider.php(99): tap(NULL, Object(Closure))
#2 /Users/tejas/Desktop/Laravel_project/Jira/laravel-spa-vue3-auth-crud/jira-dashboard/vendor/laravel/framework/src/Illuminate/Encryption/EncryptionServiceProvider.php(82): Illuminate\\Encryption\\EncryptionServiceProvider->key(Array)
#3 /Users/tejas/Desktop/Laravel_project/Jira/laravel-spa-vue3-auth-crud/jira-dashboard/vendor/laravel/framework/src/Illuminate/Encryption/EncryptionServiceProvider.php(34): Illuminate\\Encryption\\EncryptionServiceProvider->parseKey(Array)
#4 /Users/tejas/Desktop/Laravel_project/Jira/laravel-spa-vue3-auth-crud/jira-dashboard/vendor/laravel/framework/src/Illuminate/Container/Container.php(873): Illuminate\\Encryption\\EncryptionServiceProvider->Illuminate\\Encryption\\{closure}(Object(Illuminate\\Foundation\\Application), Array)
#5 /Users/tejas/Desktop/Laravel_project/Jira/laravel-spa-vue3-auth-crud/jira-dashboard/vendor/laravel/framework/src/Illuminate/Container/Container.php(758): Illuminate\\Container\\Container->build(Object(Closure))
#6 /Users/tejas/Desktop/Laravel_project/Jira/laravel-spa-vue3-auth-crud/jira-dashboard/vendor/laravel/framework/src/Illuminate/Foundation/Application.php(853): Illuminate\\Container\\Container->resolve('encrypter', Array, true)
#7 /Users/tejas/Desktop/Laravel_project/Jira/laravel-spa-vue3-auth-crud/jira-dashboard/vendor/laravel/framework/src/Illuminate/Container/Container.php(694): Illuminate\\Foundation\\Application->resolve('encrypter', Array)
#8 /Users/tejas/Desktop/Laravel_project/Jira/laravel-spa-vue3-auth-crud/jira-dashboard/vendor/laravel/framework/src/Illuminate/Foundation/Application.php(838): Illuminate\\Container\\Container->make('encrypter', Array)
#9 /Users/tejas/Desktop/Laravel_project/Jira/laravel-spa-vue3-auth-crud/jira-dashboard/vendor/laravel/framework/src/Illuminate/Container/Container.php(1027): Illuminate\\Foundation\\Application->make('encrypter')
#10 /Users/tejas/Desktop/Laravel_project/Jira/laravel-spa-vue3-auth-crud/jira-dashboard/vendor/laravel/framework/src/Illuminate/Container/Container.php(947): Illuminate\\Container\\Container->resolveClass(Object(ReflectionParameter))
#11 /Users/tejas/Desktop/Laravel_project/Jira/laravel-spa-vue3-auth-crud/jira-dashboard/vendor/laravel/framework/src/Illuminate/Container/Container.php(908): Illuminate\\Container\\Container->resolveDependencies(Array)
#12 /Users/tejas/Desktop/Laravel_project/Jira/laravel-spa-vue3-auth-crud/jira-dashboard/vendor/laravel/framework/src/Illuminate/Container/Container.php(758): Illuminate\\Container\\Container->build('App\\\\Http\\\\Middle...')
#13 /Users/tejas/Desktop/Laravel_project/Jira/laravel-spa-vue3-auth-crud/jira-dashboard/vendor/laravel/framework/src/Illuminate/Foundation/Application.php(853): Illuminate\\Container\\Container->resolve('App\\\\Http\\\\Middle...', Array, true)
#14 /Users/tejas/Desktop/Laravel_project/Jira/laravel-spa-vue3-auth-crud/jira-dashboard/vendor/laravel/framework/src/Illuminate/Container/Container.php(694): Illuminate\\Foundation\\Application->resolve('App\\\\Http\\\\Middle...', Array)
#15 /Users/tejas/Desktop/Laravel_project/Jira/laravel-spa-vue3-auth-crud/jira-dashboard/vendor/laravel/framework/src/Illuminate/Foundation/Application.php(838): Illuminate\\Container\\Container->make('App\\\\Http\\\\Middle...', Array)
#16 /Users/tejas/Desktop/Laravel_project/Jira/laravel-spa-vue3-auth-crud/jira-dashboard/vendor/laravel/framework/src/Illuminate/Foundation/Http/Kernel.php(206): Illuminate\\Foundation\\Application->make('App\\\\Http\\\\Middle...')
#17 /Users/tejas/Desktop/Laravel_project/Jira/laravel-spa-vue3-auth-crud/jira-dashboard/vendor/laravel/framework/src/Illuminate/Foundation/Http/Kernel.php(180): Illuminate\\Foundation\\Http\\Kernel->terminateMiddleware(Object(Illuminate\\Http\\Request), Object(Illuminate\\Http\\Response))
#18 /Users/tejas/Desktop/Laravel_project/Jira/laravel-spa-vue3-auth-crud/jira-dashboard/public/index.php(55): Illuminate\\Foundation\\Http\\Kernel->terminate(Object(Illuminate\\Http\\Request), Object(Illuminate\\Http\\Response))
#19 /Users/tejas/Desktop/Laravel_project/Jira/laravel-spa-vue3-auth-crud/jira-dashboard/server.php(21): require_once('/Users/tejas/De...')
#20 {main}
"} 
[2025-06-08 13:26:22] local.INFO: Fetching Jira tasks for project: SCRUM  
[2025-06-08 13:26:22] local.INFO: Successfully fetched Jira tasks {"tasks_count":5} 
[2025-06-08 13:26:22] local.INFO: Fetching assignable users for project: SCRUM  
[2025-06-08 13:26:23] local.INFO: Fetching Jira priorities  
[2025-06-08 13:26:23] local.INFO: Fetching Jira statuses  
[2025-06-08 13:26:24] local.INFO: Fetching Jira boards  
[2025-06-08 13:26:29] local.INFO: Fetching Jira tasks for project: SCRUM  
[2025-06-08 13:26:30] local.INFO: Successfully fetched Jira tasks {"tasks_count":5} 
[2025-06-08 13:26:30] local.INFO: Fetching assignable users for project: SCRUM  
[2025-06-08 13:26:30] local.INFO: Fetching Jira priorities  
[2025-06-08 13:26:31] local.INFO: Fetching Jira statuses  
[2025-06-08 13:26:31] local.INFO: Fetching Jira boards  
[2025-06-08 13:28:26] local.ERROR: filemtime(): stat failed for /Users/tejas/Desktop/Laravel_project/Jira/laravel-spa-vue3-auth-crud/jira-dashboard/.env {"exception":"[object] (ErrorException(code: 0): filemtime(): stat failed for /Users/tejas/Desktop/Laravel_project/Jira/laravel-spa-vue3-auth-crud/jira-dashboard/.env at /Users/tejas/Desktop/Laravel_project/Jira/laravel-spa-vue3-auth-crud/jira-dashboard/vendor/laravel/framework/src/Illuminate/Foundation/Console/ServeCommand.php:66)
[stacktrace]
#0 [internal function]: Illuminate\\Foundation\\Bootstrap\\HandleExceptions->handleError(2, 'filemtime(): st...', '/Users/tejas/De...', 66)
#1 /Users/tejas/Desktop/Laravel_project/Jira/laravel-spa-vue3-auth-crud/jira-dashboard/vendor/laravel/framework/src/Illuminate/Foundation/Console/ServeCommand.php(66): filemtime('/Users/tejas/De...')
#2 /Users/tejas/Desktop/Laravel_project/Jira/laravel-spa-vue3-auth-crud/jira-dashboard/vendor/laravel/framework/src/Illuminate/Container/BoundMethod.php(36): Illuminate\\Foundation\\Console\\ServeCommand->handle()
#3 /Users/tejas/Desktop/Laravel_project/Jira/laravel-spa-vue3-auth-crud/jira-dashboard/vendor/laravel/framework/src/Illuminate/Container/Util.php(40): Illuminate\\Container\\BoundMethod::Illuminate\\Container\\{closure}()
#4 /Users/tejas/Desktop/Laravel_project/Jira/laravel-spa-vue3-auth-crud/jira-dashboard/vendor/laravel/framework/src/Illuminate/Container/BoundMethod.php(93): Illuminate\\Container\\Util::unwrapIfClosure(Object(Closure))
#5 /Users/tejas/Desktop/Laravel_project/Jira/laravel-spa-vue3-auth-crud/jira-dashboard/vendor/laravel/framework/src/Illuminate/Container/BoundMethod.php(35): Illuminate\\Container\\BoundMethod::callBoundMethod(Object(Illuminate\\Foundation\\Application), Array, Object(Closure))
#6 /Users/tejas/Desktop/Laravel_project/Jira/laravel-spa-vue3-auth-crud/jira-dashboard/vendor/laravel/framework/src/Illuminate/Container/Container.php(653): Illuminate\\Container\\BoundMethod::call(Object(Illuminate\\Foundation\\Application), Array, Array, NULL)
#7 /Users/tejas/Desktop/Laravel_project/Jira/laravel-spa-vue3-auth-crud/jira-dashboard/vendor/laravel/framework/src/Illuminate/Console/Command.php(136): Illuminate\\Container\\Container->call(Array)
#8 /Users/tejas/Desktop/Laravel_project/Jira/laravel-spa-vue3-auth-crud/jira-dashboard/vendor/symfony/console/Command/Command.php(298): Illuminate\\Console\\Command->execute(Object(Symfony\\Component\\Console\\Input\\ArgvInput), Object(Illuminate\\Console\\OutputStyle))
#9 /Users/tejas/Desktop/Laravel_project/Jira/laravel-spa-vue3-auth-crud/jira-dashboard/vendor/laravel/framework/src/Illuminate/Console/Command.php(120): Symfony\\Component\\Console\\Command\\Command->run(Object(Symfony\\Component\\Console\\Input\\ArgvInput), Object(Illuminate\\Console\\OutputStyle))
#10 /Users/tejas/Desktop/Laravel_project/Jira/laravel-spa-vue3-auth-crud/jira-dashboard/vendor/symfony/console/Application.php(1040): Illuminate\\Console\\Command->run(Object(Symfony\\Component\\Console\\Input\\ArgvInput), Object(Symfony\\Component\\Console\\Output\\ConsoleOutput))
#11 /Users/tejas/Desktop/Laravel_project/Jira/laravel-spa-vue3-auth-crud/jira-dashboard/vendor/symfony/console/Application.php(301): Symfony\\Component\\Console\\Application->doRunCommand(Object(Illuminate\\Foundation\\Console\\ServeCommand), Object(Symfony\\Component\\Console\\Input\\ArgvInput), Object(Symfony\\Component\\Console\\Output\\ConsoleOutput))
#12 /Users/tejas/Desktop/Laravel_project/Jira/laravel-spa-vue3-auth-crud/jira-dashboard/vendor/symfony/console/Application.php(171): Symfony\\Component\\Console\\Application->doRun(Object(Symfony\\Component\\Console\\Input\\ArgvInput), Object(Symfony\\Component\\Console\\Output\\ConsoleOutput))
#13 /Users/tejas/Desktop/Laravel_project/Jira/laravel-spa-vue3-auth-crud/jira-dashboard/vendor/laravel/framework/src/Illuminate/Console/Application.php(94): Symfony\\Component\\Console\\Application->run(Object(Symfony\\Component\\Console\\Input\\ArgvInput), Object(Symfony\\Component\\Console\\Output\\ConsoleOutput))
#14 /Users/tejas/Desktop/Laravel_project/Jira/laravel-spa-vue3-auth-crud/jira-dashboard/vendor/laravel/framework/src/Illuminate/Foundation/Console/Kernel.php(129): Illuminate\\Console\\Application->run(Object(Symfony\\Component\\Console\\Input\\ArgvInput), Object(Symfony\\Component\\Console\\Output\\ConsoleOutput))
#15 /Users/tejas/Desktop/Laravel_project/Jira/laravel-spa-vue3-auth-crud/jira-dashboard/artisan(35): Illuminate\\Foundation\\Console\\Kernel->handle(Object(Symfony\\Component\\Console\\Input\\ArgvInput), Object(Symfony\\Component\\Console\\Output\\ConsoleOutput))
#16 {main}
"} 
[2025-06-08 13:36:51] production.ERROR: No application encryption key has been specified. {"exception":"[object] (Illuminate\\Encryption\\MissingAppKeyException(code: 0): No application encryption key has been specified. at /Users/tejas/Desktop/Laravel_project/Jira/laravel-spa-vue3-auth-crud/jira-dashboard/vendor/laravel/framework/src/Illuminate/Encryption/EncryptionServiceProvider.php:101)
[stacktrace]
#0 /Users/tejas/Desktop/Laravel_project/Jira/laravel-spa-vue3-auth-crud/jira-dashboard/vendor/laravel/framework/src/Illuminate/Support/helpers.php(263): Illuminate\\Encryption\\EncryptionServiceProvider->Illuminate\\Encryption\\{closure}(NULL)
#1 /Users/tejas/Desktop/Laravel_project/Jira/laravel-spa-vue3-auth-crud/jira-dashboard/vendor/laravel/framework/src/Illuminate/Encryption/EncryptionServiceProvider.php(99): tap(NULL, Object(Closure))
#2 /Users/tejas/Desktop/Laravel_project/Jira/laravel-spa-vue3-auth-crud/jira-dashboard/vendor/laravel/framework/src/Illuminate/Encryption/EncryptionServiceProvider.php(82): Illuminate\\Encryption\\EncryptionServiceProvider->key(Array)
#3 /Users/tejas/Desktop/Laravel_project/Jira/laravel-spa-vue3-auth-crud/jira-dashboard/vendor/laravel/framework/src/Illuminate/Encryption/EncryptionServiceProvider.php(34): Illuminate\\Encryption\\EncryptionServiceProvider->parseKey(Array)
#4 /Users/tejas/Desktop/Laravel_project/Jira/laravel-spa-vue3-auth-crud/jira-dashboard/vendor/laravel/framework/src/Illuminate/Container/Container.php(873): Illuminate\\Encryption\\EncryptionServiceProvider->Illuminate\\Encryption\\{closure}(Object(Illuminate\\Foundation\\Application), Array)
#5 /Users/tejas/Desktop/Laravel_project/Jira/laravel-spa-vue3-auth-crud/jira-dashboard/vendor/laravel/framework/src/Illuminate/Container/Container.php(758): Illuminate\\Container\\Container->build(Object(Closure))
#6 /Users/tejas/Desktop/Laravel_project/Jira/laravel-spa-vue3-auth-crud/jira-dashboard/vendor/laravel/framework/src/Illuminate/Foundation/Application.php(853): Illuminate\\Container\\Container->resolve('encrypter', Array, true)
#7 /Users/tejas/Desktop/Laravel_project/Jira/laravel-spa-vue3-auth-crud/jira-dashboard/vendor/laravel/framework/src/Illuminate/Container/Container.php(694): Illuminate\\Foundation\\Application->resolve('encrypter', Array)
#8 /Users/tejas/Desktop/Laravel_project/Jira/laravel-spa-vue3-auth-crud/jira-dashboard/vendor/laravel/framework/src/Illuminate/Foundation/Application.php(838): Illuminate\\Container\\Container->make('encrypter', Array)
#9 /Users/tejas/Desktop/Laravel_project/Jira/laravel-spa-vue3-auth-crud/jira-dashboard/vendor/laravel/framework/src/Illuminate/Container/Container.php(1027): Illuminate\\Foundation\\Application->make('encrypter')
#10 /Users/tejas/Desktop/Laravel_project/Jira/laravel-spa-vue3-auth-crud/jira-dashboard/vendor/laravel/framework/src/Illuminate/Container/Container.php(947): Illuminate\\Container\\Container->resolveClass(Object(ReflectionParameter))
#11 /Users/tejas/Desktop/Laravel_project/Jira/laravel-spa-vue3-auth-crud/jira-dashboard/vendor/laravel/framework/src/Illuminate/Container/Container.php(908): Illuminate\\Container\\Container->resolveDependencies(Array)
#12 /Users/tejas/Desktop/Laravel_project/Jira/laravel-spa-vue3-auth-crud/jira-dashboard/vendor/laravel/framework/src/Illuminate/Container/Container.php(758): Illuminate\\Container\\Container->build('App\\\\Http\\\\Middle...')
#13 /Users/tejas/Desktop/Laravel_project/Jira/laravel-spa-vue3-auth-crud/jira-dashboard/vendor/laravel/framework/src/Illuminate/Foundation/Application.php(853): Illuminate\\Container\\Container->resolve('App\\\\Http\\\\Middle...', Array, true)
#14 /Users/tejas/Desktop/Laravel_project/Jira/laravel-spa-vue3-auth-crud/jira-dashboard/vendor/laravel/framework/src/Illuminate/Container/Container.php(694): Illuminate\\Foundation\\Application->resolve('App\\\\Http\\\\Middle...', Array)
#15 /Users/tejas/Desktop/Laravel_project/Jira/laravel-spa-vue3-auth-crud/jira-dashboard/vendor/laravel/framework/src/Illuminate/Foundation/Application.php(838): Illuminate\\Container\\Container->make('App\\\\Http\\\\Middle...', Array)
#16 /Users/tejas/Desktop/Laravel_project/Jira/laravel-spa-vue3-auth-crud/jira-dashboard/vendor/laravel/framework/src/Illuminate/Pipeline/Pipeline.php(156): Illuminate\\Foundation\\Application->make('App\\\\Http\\\\Middle...')
#17 /Users/tejas/Desktop/Laravel_project/Jira/laravel-spa-vue3-auth-crud/jira-dashboard/vendor/laravel/framework/src/Illuminate/Pipeline/Pipeline.php(103): Illuminate\\Pipeline\\Pipeline->Illuminate\\Pipeline\\{closure}(Object(Illuminate\\Http\\Request))
#18 /Users/tejas/Desktop/Laravel_project/Jira/laravel-spa-vue3-auth-crud/jira-dashboard/vendor/laravel/framework/src/Illuminate/Routing/Router.php(719): Illuminate\\Pipeline\\Pipeline->then(Object(Closure))
#19 /Users/tejas/Desktop/Laravel_project/Jira/laravel-spa-vue3-auth-crud/jira-dashboard/vendor/laravel/framework/src/Illuminate/Routing/Router.php(698): Illuminate\\Routing\\Router->runRouteWithinStack(Object(Illuminate\\Routing\\Route), Object(Illuminate\\Http\\Request))
#20 /Users/tejas/Desktop/Laravel_project/Jira/laravel-spa-vue3-auth-crud/jira-dashboard/vendor/laravel/framework/src/Illuminate/Routing/Router.php(662): Illuminate\\Routing\\Router->runRoute(Object(Illuminate\\Http\\Request), Object(Illuminate\\Routing\\Route))
#21 /Users/tejas/Desktop/Laravel_project/Jira/laravel-spa-vue3-auth-crud/jira-dashboard/vendor/laravel/framework/src/Illuminate/Routing/Router.php(651): Illuminate\\Routing\\Router->dispatchToRoute(Object(Illuminate\\Http\\Request))
#22 /Users/tejas/Desktop/Laravel_project/Jira/laravel-spa-vue3-auth-crud/jira-dashboard/vendor/laravel/framework/src/Illuminate/Foundation/Http/Kernel.php(167): Illuminate\\Routing\\Router->dispatch(Object(Illuminate\\Http\\Request))
#23 /Users/tejas/Desktop/Laravel_project/Jira/laravel-spa-vue3-auth-crud/jira-dashboard/vendor/laravel/framework/src/Illuminate/Pipeline/Pipeline.php(128): Illuminate\\Foundation\\Http\\Kernel->Illuminate\\Foundation\\Http\\{closure}(Object(Illuminate\\Http\\Request))
#24 /Users/tejas/Desktop/Laravel_project/Jira/laravel-spa-vue3-auth-crud/jira-dashboard/vendor/barryvdh/laravel-debugbar/src/Middleware/InjectDebugbar.php(59): Illuminate\\Pipeline\\Pipeline->Illuminate\\Pipeline\\{closure}(Object(Illuminate\\Http\\Request))
#25 /Users/tejas/Desktop/Laravel_project/Jira/laravel-spa-vue3-auth-crud/jira-dashboard/vendor/laravel/framework/src/Illuminate/Pipeline/Pipeline.php(167): Barryvdh\\Debugbar\\Middleware\\InjectDebugbar->handle(Object(Illuminate\\Http\\Request), Object(Closure))
#26 /Users/tejas/Desktop/Laravel_project/Jira/laravel-spa-vue3-auth-crud/jira-dashboard/vendor/laravel/framework/src/Illuminate/Foundation/Http/Middleware/TransformsRequest.php(21): Illuminate\\Pipeline\\Pipeline->Illuminate\\Pipeline\\{closure}(Object(Illuminate\\Http\\Request))
#27 /Users/tejas/Desktop/Laravel_project/Jira/laravel-spa-vue3-auth-crud/jira-dashboard/vendor/laravel/framework/src/Illuminate/Foundation/Http/Middleware/ConvertEmptyStringsToNull.php(31): Illuminate\\Foundation\\Http\\Middleware\\TransformsRequest->handle(Object(Illuminate\\Http\\Request), Object(Closure))
#28 /Users/tejas/Desktop/Laravel_project/Jira/laravel-spa-vue3-auth-crud/jira-dashboard/vendor/laravel/framework/src/Illuminate/Pipeline/Pipeline.php(167): Illuminate\\Foundation\\Http\\Middleware\\ConvertEmptyStringsToNull->handle(Object(Illuminate\\Http\\Request), Object(Closure))
#29 /Users/tejas/Desktop/Laravel_project/Jira/laravel-spa-vue3-auth-crud/jira-dashboard/vendor/laravel/framework/src/Illuminate/Foundation/Http/Middleware/TransformsRequest.php(21): Illuminate\\Pipeline\\Pipeline->Illuminate\\Pipeline\\{closure}(Object(Illuminate\\Http\\Request))
#30 /Users/tejas/Desktop/Laravel_project/Jira/laravel-spa-vue3-auth-crud/jira-dashboard/vendor/laravel/framework/src/Illuminate/Foundation/Http/Middleware/TrimStrings.php(40): Illuminate\\Foundation\\Http\\Middleware\\TransformsRequest->handle(Object(Illuminate\\Http\\Request), Object(Closure))
#31 /Users/tejas/Desktop/Laravel_project/Jira/laravel-spa-vue3-auth-crud/jira-dashboard/vendor/laravel/framework/src/Illuminate/Pipeline/Pipeline.php(167): Illuminate\\Foundation\\Http\\Middleware\\TrimStrings->handle(Object(Illuminate\\Http\\Request), Object(Closure))
#32 /Users/tejas/Desktop/Laravel_project/Jira/laravel-spa-vue3-auth-crud/jira-dashboard/vendor/laravel/framework/src/Illuminate/Foundation/Http/Middleware/ValidatePostSize.php(27): Illuminate\\Pipeline\\Pipeline->Illuminate\\Pipeline\\{closure}(Object(Illuminate\\Http\\Request))
#33 /Users/tejas/Desktop/Laravel_project/Jira/laravel-spa-vue3-auth-crud/jira-dashboard/vendor/laravel/framework/src/Illuminate/Pipeline/Pipeline.php(167): Illuminate\\Foundation\\Http\\Middleware\\ValidatePostSize->handle(Object(Illuminate\\Http\\Request), Object(Closure))
#34 /Users/tejas/Desktop/Laravel_project/Jira/laravel-spa-vue3-auth-crud/jira-dashboard/vendor/laravel/framework/src/Illuminate/Foundation/Http/Middleware/PreventRequestsDuringMaintenance.php(86): Illuminate\\Pipeline\\Pipeline->Illuminate\\Pipeline\\{closure}(Object(Illuminate\\Http\\Request))
#35 /Users/tejas/Desktop/Laravel_project/Jira/laravel-spa-vue3-auth-crud/jira-dashboard/vendor/laravel/framework/src/Illuminate/Pipeline/Pipeline.php(167): Illuminate\\Foundation\\Http\\Middleware\\PreventRequestsDuringMaintenance->handle(Object(Illuminate\\Http\\Request), Object(Closure))
#36 /Users/tejas/Desktop/Laravel_project/Jira/laravel-spa-vue3-auth-crud/jira-dashboard/vendor/fruitcake/laravel-cors/src/HandleCors.php(38): Illuminate\\Pipeline\\Pipeline->Illuminate\\Pipeline\\{closure}(Object(Illuminate\\Http\\Request))
#37 /Users/tejas/Desktop/Laravel_project/Jira/laravel-spa-vue3-auth-crud/jira-dashboard/vendor/laravel/framework/src/Illuminate/Pipeline/Pipeline.php(167): Fruitcake\\Cors\\HandleCors->handle(Object(Illuminate\\Http\\Request), Object(Closure))
#38 /Users/tejas/Desktop/Laravel_project/Jira/laravel-spa-vue3-auth-crud/jira-dashboard/vendor/fideloper/proxy/src/TrustProxies.php(57): Illuminate\\Pipeline\\Pipeline->Illuminate\\Pipeline\\{closure}(Object(Illuminate\\Http\\Request))
#39 /Users/tejas/Desktop/Laravel_project/Jira/laravel-spa-vue3-auth-crud/jira-dashboard/vendor/laravel/framework/src/Illuminate/Pipeline/Pipeline.php(167): Fideloper\\Proxy\\TrustProxies->handle(Object(Illuminate\\Http\\Request), Object(Closure))
#40 /Users/tejas/Desktop/Laravel_project/Jira/laravel-spa-vue3-auth-crud/jira-dashboard/vendor/laravel/framework/src/Illuminate/Pipeline/Pipeline.php(103): Illuminate\\Pipeline\\Pipeline->Illuminate\\Pipeline\\{closure}(Object(Illuminate\\Http\\Request))
#41 /Users/tejas/Desktop/Laravel_project/Jira/laravel-spa-vue3-auth-crud/jira-dashboard/vendor/laravel/framework/src/Illuminate/Foundation/Http/Kernel.php(142): Illuminate\\Pipeline\\Pipeline->then(Object(Closure))
#42 /Users/tejas/Desktop/Laravel_project/Jira/laravel-spa-vue3-auth-crud/jira-dashboard/vendor/laravel/framework/src/Illuminate/Foundation/Http/Kernel.php(111): Illuminate\\Foundation\\Http\\Kernel->sendRequestThroughRouter(Object(Illuminate\\Http\\Request))
#43 /Users/tejas/Desktop/Laravel_project/Jira/laravel-spa-vue3-auth-crud/jira-dashboard/public/index.php(51): Illuminate\\Foundation\\Http\\Kernel->handle(Object(Illuminate\\Http\\Request))
#44 /Users/tejas/Desktop/Laravel_project/Jira/laravel-spa-vue3-auth-crud/jira-dashboard/server.php(21): require_once('/Users/tejas/De...')
#45 {main}
"} 
[2025-06-08 13:36:51] production.ERROR: No application encryption key has been specified. {"exception":"[object] (Illuminate\\Encryption\\MissingAppKeyException(code: 0): No application encryption key has been specified. at /Users/tejas/Desktop/Laravel_project/Jira/laravel-spa-vue3-auth-crud/jira-dashboard/vendor/laravel/framework/src/Illuminate/Encryption/EncryptionServiceProvider.php:101)
[stacktrace]
#0 /Users/tejas/Desktop/Laravel_project/Jira/laravel-spa-vue3-auth-crud/jira-dashboard/vendor/laravel/framework/src/Illuminate/Support/helpers.php(263): Illuminate\\Encryption\\EncryptionServiceProvider->Illuminate\\Encryption\\{closure}(NULL)
#1 /Users/tejas/Desktop/Laravel_project/Jira/laravel-spa-vue3-auth-crud/jira-dashboard/vendor/laravel/framework/src/Illuminate/Encryption/EncryptionServiceProvider.php(99): tap(NULL, Object(Closure))
#2 /Users/tejas/Desktop/Laravel_project/Jira/laravel-spa-vue3-auth-crud/jira-dashboard/vendor/laravel/framework/src/Illuminate/Encryption/EncryptionServiceProvider.php(82): Illuminate\\Encryption\\EncryptionServiceProvider->key(Array)
#3 /Users/tejas/Desktop/Laravel_project/Jira/laravel-spa-vue3-auth-crud/jira-dashboard/vendor/laravel/framework/src/Illuminate/Encryption/EncryptionServiceProvider.php(34): Illuminate\\Encryption\\EncryptionServiceProvider->parseKey(Array)
#4 /Users/tejas/Desktop/Laravel_project/Jira/laravel-spa-vue3-auth-crud/jira-dashboard/vendor/laravel/framework/src/Illuminate/Container/Container.php(873): Illuminate\\Encryption\\EncryptionServiceProvider->Illuminate\\Encryption\\{closure}(Object(Illuminate\\Foundation\\Application), Array)
#5 /Users/tejas/Desktop/Laravel_project/Jira/laravel-spa-vue3-auth-crud/jira-dashboard/vendor/laravel/framework/src/Illuminate/Container/Container.php(758): Illuminate\\Container\\Container->build(Object(Closure))
#6 /Users/tejas/Desktop/Laravel_project/Jira/laravel-spa-vue3-auth-crud/jira-dashboard/vendor/laravel/framework/src/Illuminate/Foundation/Application.php(853): Illuminate\\Container\\Container->resolve('encrypter', Array, true)
#7 /Users/tejas/Desktop/Laravel_project/Jira/laravel-spa-vue3-auth-crud/jira-dashboard/vendor/laravel/framework/src/Illuminate/Container/Container.php(694): Illuminate\\Foundation\\Application->resolve('encrypter', Array)
#8 /Users/tejas/Desktop/Laravel_project/Jira/laravel-spa-vue3-auth-crud/jira-dashboard/vendor/laravel/framework/src/Illuminate/Foundation/Application.php(838): Illuminate\\Container\\Container->make('encrypter', Array)
#9 /Users/tejas/Desktop/Laravel_project/Jira/laravel-spa-vue3-auth-crud/jira-dashboard/vendor/laravel/framework/src/Illuminate/Container/Container.php(1027): Illuminate\\Foundation\\Application->make('encrypter')
#10 /Users/tejas/Desktop/Laravel_project/Jira/laravel-spa-vue3-auth-crud/jira-dashboard/vendor/laravel/framework/src/Illuminate/Container/Container.php(947): Illuminate\\Container\\Container->resolveClass(Object(ReflectionParameter))
#11 /Users/tejas/Desktop/Laravel_project/Jira/laravel-spa-vue3-auth-crud/jira-dashboard/vendor/laravel/framework/src/Illuminate/Container/Container.php(908): Illuminate\\Container\\Container->resolveDependencies(Array)
#12 /Users/tejas/Desktop/Laravel_project/Jira/laravel-spa-vue3-auth-crud/jira-dashboard/vendor/laravel/framework/src/Illuminate/Container/Container.php(758): Illuminate\\Container\\Container->build('App\\\\Http\\\\Middle...')
#13 /Users/tejas/Desktop/Laravel_project/Jira/laravel-spa-vue3-auth-crud/jira-dashboard/vendor/laravel/framework/src/Illuminate/Foundation/Application.php(853): Illuminate\\Container\\Container->resolve('App\\\\Http\\\\Middle...', Array, true)
#14 /Users/tejas/Desktop/Laravel_project/Jira/laravel-spa-vue3-auth-crud/jira-dashboard/vendor/laravel/framework/src/Illuminate/Container/Container.php(694): Illuminate\\Foundation\\Application->resolve('App\\\\Http\\\\Middle...', Array)
#15 /Users/tejas/Desktop/Laravel_project/Jira/laravel-spa-vue3-auth-crud/jira-dashboard/vendor/laravel/framework/src/Illuminate/Foundation/Application.php(838): Illuminate\\Container\\Container->make('App\\\\Http\\\\Middle...', Array)
#16 /Users/tejas/Desktop/Laravel_project/Jira/laravel-spa-vue3-auth-crud/jira-dashboard/vendor/laravel/framework/src/Illuminate/Foundation/Http/Kernel.php(206): Illuminate\\Foundation\\Application->make('App\\\\Http\\\\Middle...')
#17 /Users/tejas/Desktop/Laravel_project/Jira/laravel-spa-vue3-auth-crud/jira-dashboard/vendor/laravel/framework/src/Illuminate/Foundation/Http/Kernel.php(180): Illuminate\\Foundation\\Http\\Kernel->terminateMiddleware(Object(Illuminate\\Http\\Request), Object(Illuminate\\Http\\Response))
#18 /Users/tejas/Desktop/Laravel_project/Jira/laravel-spa-vue3-auth-crud/jira-dashboard/public/index.php(55): Illuminate\\Foundation\\Http\\Kernel->terminate(Object(Illuminate\\Http\\Request), Object(Illuminate\\Http\\Response))
#19 /Users/tejas/Desktop/Laravel_project/Jira/laravel-spa-vue3-auth-crud/jira-dashboard/server.php(21): require_once('/Users/tejas/De...')
#20 {main}
"} 
[2025-06-08 13:38:11] local.INFO: Fetching Jira tasks for project: SCRUM  
[2025-06-08 13:38:12] local.INFO: Successfully fetched Jira tasks {"tasks_count":5} 
[2025-06-08 13:38:12] local.INFO: Fetching assignable users for project: SCRUM  
[2025-06-08 13:38:13] local.INFO: Fetching Jira priorities  
[2025-06-08 13:38:13] local.INFO: Fetching Jira statuses  
[2025-06-08 13:38:14] local.INFO: Fetching Jira boards  
[2025-06-08 13:38:14] local.INFO: Fetching sprints for board: 1  
